<?xml version="1.0" encoding="UTF-8"?>
<!-- Generated by org.testng.reporters.JUnitReportReporter -->
<testsuite skipped="0" hostname="DESKTOP-OQBROSA" name="com.itest.testcases.CodingHome_001_login_Test" tests="1" failures="0" timestamp="14 一月 2019 09:44:37 GMT" time="1.769" errors="0">
  <testcase name="checkInfo" time="1.769" classname="com.itest.testcases.CodingHome_001_login_Test"/>
</testsuite> <!-- com.itest.testcases.CodingHome_001_login_Test -->
