<?xml version="1.0" encoding="UTF-8"?>
<!-- Generated by org.testng.reporters.JUnitReportReporter -->
<testsuite skipped="0" hostname="DESKTOP-OQBROSA" name="com.itest.testcases.codingHome.CodingHome_002_HeaderIndex_Test" tests="1" failures="0" timestamp="11 三月 2019 01:19:34 GMT" time="24.760" errors="0">
  <testcase name="HeaderIndex" time="24.760" classname="com.itest.testcases.codingHome.CodingHome_002_HeaderIndex_Test"/>
</testsuite> <!-- com.itest.testcases.codingHome.CodingHome_002_HeaderIndex_Test -->
