<?xml version="1.0" encoding="UTF-8"?>
<!-- Generated by org.testng.reporters.JUnitReportReporter -->
<testsuite skipped="0" hostname="DESKTOP-OQBROSA" name="com.itest.testcases.personalCenter.PersonalCenter_001_Left_Test" tests="1" failures="0" timestamp="18 三月 2019 03:32:50 GMT" time="9.069" errors="0">
  <testcase name="leftHelp" time="9.069" classname="com.itest.testcases.personalCenter.PersonalCenter_001_Left_Test"/>
</testsuite> <!-- com.itest.testcases.personalCenter.PersonalCenter_001_Left_Test -->
