<?xml version="1.0" encoding="UTF-8"?>
<!-- Generated by org.testng.reporters.JUnitReportReporter -->
<testsuite skipped="0" hostname="DESKTOP-OQBROSA" name="com.itest.testcases.teacher.TeacherHome_003_Center_Test" tests="1" failures="0" timestamp="14 三月 2019 06:17:31 GMT" time="25.905" errors="0">
  <testcase name="LeftHelp" time="25.905" classname="com.itest.testcases.teacher.TeacherHome_003_Center_Test"/>
</testsuite> <!-- com.itest.testcases.teacher.TeacherHome_003_Center_Test -->
