<?xml version="1.0" encoding="UTF-8"?>
<!-- Generated by org.testng.reporters.JUnitReportReporter -->
<testsuite skipped="0" hostname="DESKTOP-OQBROSA" name="com.itest.testcases.teacher.TeacherHome_001_LeftHelp_Test" tests="1" failures="0" timestamp="05 三月 2019 02:54:29 GMT" time="21.347" errors="0">
  <testcase name="LeftHelp" time="21.347" classname="com.itest.testcases.teacher.TeacherHome_001_LeftHelp_Test"/>
</testsuite> <!-- com.itest.testcases.teacher.TeacherHome_001_LeftHelp_Test -->
