<?xml version="1.0" encoding="UTF-8"?>
<!-- Generated by org.testng.reporters.JUnitReportReporter -->
<testsuite skipped="0" hostname="DESKTOP-OQBROSA" name="com.itest.utils.TestngDemo" tests="1" failures="0" timestamp="14 十一月 2018 11:01:24 GMT" time="2.907" errors="0">
  <testcase name="runDemo" time="2.907" classname="com.itest.utils.TestngDemo"/>
</testsuite> <!-- com.itest.utils.TestngDemo -->
