<?xml version="1.0" encoding="UTF-8"?>
<!-- Generated by org.testng.reporters.JUnitReportReporter -->
<testsuite skipped="0" hostname="DESKTOP-OQBROSA" name="test.testng.demo.Demo" tests="1" failures="0" timestamp="14 十一月 2018 09:42:07 GMT" time="0.010" errors="0">
  <testcase name="paramTest1" time="0.010" classname="test.testng.demo.Demo"/>
</testsuite> <!-- test.testng.demo.Demo -->
