<?xml version="1.0" encoding="UTF-8"?>
<!-- Generated by org.testng.reporters.JUnitReportReporter -->
<testsuite skipped="0" hostname="DESKTOP-OQBROSA" name="com.itest.testcases.Login_002_LoginSucessFuction_001_Test" tests="1" failures="0" timestamp="12 十二月 2018 06:14:30 GMT" time="7.864" errors="0">
  <testcase name="LoginSucessFuction_001" time="7.864" classname="com.itest.testcases.Login_002_LoginSucessFuction_001_Test"/>
</testsuite> <!-- com.itest.testcases.Login_002_LoginSucessFuction_001_Test -->
