<?xml version="1.0" encoding="UTF-8"?>
<!-- Generated by org.testng.reporters.JUnitReportReporter -->
<testsuite skipped="0" hostname="DESKTOP-OQBROSA" name="com.itest.testcases.codingHome.CodingHome_001_HeaderIndex_Test" tests="1" failures="0" timestamp="11 三月 2019 11:07:23 GMT" time="31.611" errors="0">
  <testcase name="HeaderIndex" time="31.611" classname="com.itest.testcases.codingHome.CodingHome_001_HeaderIndex_Test"/>
</testsuite> <!-- com.itest.testcases.codingHome.CodingHome_001_HeaderIndex_Test -->
