<?xml version="1.0" encoding="UTF-8"?>
<!-- Generated by org.testng.reporters.JUnitReportReporter -->
<testsuite skipped="0" hostname="DESKTOP-OQBROSA" name="com.itest.testcases.codingHome.Coding_Home_002_Login" tests="1" failures="0" timestamp="18 一月 2019 03:20:31 GMT" time="10.541" errors="0">
  <testcase name="login" time="10.541" classname="com.itest.testcases.codingHome.Coding_Home_002_Login"/>
</testsuite> <!-- com.itest.testcases.codingHome.Coding_Home_002_Login -->
