<?xml version="1.0" encoding="UTF-8"?>
<!-- Generated by org.testng.reporters.JUnitReportReporter -->
<testsuite skipped="0" hostname="DESKTOP-OQBROSA" name="com.itest.testcases.teacher.TeacherHome_002_HeaderIndex_Test" tests="1" failures="0" timestamp="28 二月 2019 12:32:59 GMT" time="9.934" errors="0">
  <testcase name="headerIndex" time="9.934" classname="com.itest.testcases.teacher.TeacherHome_002_HeaderIndex_Test"/>
</testsuite> <!-- com.itest.testcases.teacher.TeacherHome_002_HeaderIndex_Test -->
