<?xml version="1.0" encoding="UTF-8"?>
<!-- Generated by org.testng.reporters.JUnitReportReporter -->
<testsuite skipped="0" hostname="DESKTOP-OQBROSA" name="com.itest.utils.LoginPage_001_LoginSuccessFuntion_Test" tests="1" failures="0" timestamp="15 十一月 2018 05:13:28 GMT" time="3.013" errors="0">
  <testcase name="loginSuccessFunction" time="3.013" classname="com.itest.utils.LoginPage_001_LoginSuccessFuntion_Test"/>
</testsuite> <!-- com.itest.utils.LoginPage_001_LoginSuccessFuntion_Test -->
