<?xml version="1.0" encoding="UTF-8"?>
<!-- Generated by org.testng.reporters.JUnitReportReporter -->
<testsuite skipped="0" hostname="DESKTOP-OQBROSA" name="com.itest.testcases.codingHome.CodingHome_001_Login_Test" tests="1" failures="0" timestamp="11 三月 2019 07:48:23 GMT" time="36.057" errors="0">
  <testcase name="loginPage" time="36.057" classname="com.itest.testcases.codingHome.CodingHome_001_Login_Test"/>
</testsuite> <!-- com.itest.testcases.codingHome.CodingHome_001_Login_Test -->
