<?xml version="1.0" encoding="UTF-8"?>
<!-- Generated by org.testng.reporters.JUnitReportReporter -->
<testsuite skipped="0" hostname="DESKTOP-OQBROSA" name="com.itest.testcases.codingHome.CodingHome_003_UserHeader_Test" tests="1" failures="0" timestamp="18 一月 2019 06:47:20 GMT" time="15.910" errors="0">
  <testcase name="header" time="15.910" classname="com.itest.testcases.codingHome.CodingHome_003_UserHeader_Test"/>
</testsuite> <!-- com.itest.testcases.codingHome.CodingHome_003_UserHeader_Test -->
