<?xml version="1.0" encoding="UTF-8"?>
<!-- Generated by org.testng.reporters.JUnitReportReporter -->
<testsuite skipped="0" hostname="DESKTOP-OQBROSA" name="com.itest.testcases.teacher.TeacherHome_004_Login_Test" tests="1" failures="0" timestamp="30 一月 2019 02:08:58 GMT" time="2.510" errors="0">
  <testcase name="loginTest" time="2.510" classname="com.itest.testcases.teacher.TeacherHome_004_Login_Test"/>
</testsuite> <!-- com.itest.testcases.teacher.TeacherHome_004_Login_Test -->
