<?xml version="1.0" encoding="UTF-8"?>
<!-- Generated by org.testng.reporters.JUnitReportReporter -->
<testsuite skipped="0" hostname="DESKTOP-OQBROSA" name="com.itest.testcases.CodingHome_002_HeaderIndex_Test" tests="1" failures="0" timestamp="14 一月 2019 03:48:27 GMT" time="6.035" errors="0">
  <testcase name="HeaderIndex" time="6.035" classname="com.itest.testcases.CodingHome_002_HeaderIndex_Test"/>
</testsuite> <!-- com.itest.testcases.CodingHome_002_HeaderIndex_Test -->
