<?xml version="1.0" encoding="UTF-8"?>
<!-- Generated by org.testng.reporters.JUnitReportReporter -->
<testsuite skipped="0" hostname="DESKTOP-OQBROSA" name="com.itest.testcases.teacher.TeacherHome_001_HeaderIndex_Test" tests="1" failures="0" timestamp="14 三月 2019 06:17:31 GMT" time="12.546" errors="0">
  <testcase name="headerIndex" time="12.546" classname="com.itest.testcases.teacher.TeacherHome_001_HeaderIndex_Test"/>
</testsuite> <!-- com.itest.testcases.teacher.TeacherHome_001_HeaderIndex_Test -->
